2026-04-13 14:35:15  ✖ MISSING DEPENDENCY 
2026-04-13 14:35:15   fswatch is required but not installed.
2026-04-13 14:35:15   macOS:  brew install fswatch
2026-04-13 14:35:15   Linux:  apt install fswatch
2026-04-13 14:36:28 
2026-04-13 14:36:28   ╔═══════════════════════════════════════╗
2026-04-13 14:36:28   ║       🔍 KONDUCTOR WATCHER           ║
2026-04-13 14:36:28   ╚═══════════════════════════════════════╝
2026-04-13 14:36:28 
2026-04-13 14:36:28   User:      Dean Wheatley
2026-04-13 14:36:28   Repo:      deanwheatley/testrepo
2026-04-13 14:36:28   Branch:    main
2026-04-13 14:36:28   Server:    http://localhost:3010
2026-04-13 14:36:28   Log level: info
2026-04-13 14:36:28   Poll:      every 10s
2026-04-13 14:36:28   Log file:  konductor-client.log
2026-04-13 14:36:28 
2026-04-13 14:36:28 ────────────────────────────────────────────────
2026-04-13 14:36:28 
2026-04-13 14:36:28   👀 Watching for file changes...
2026-04-13 14:36:29 
2026-04-13 14:36:29 ────────────────────────────────────────────────
2026-04-13 14:36:41 
2026-04-13 14:36:41  🟢 SOLO   14:36:41
2026-04-13 14:36:41   Updated: /Users/deanwheatley/Documents/testrepo/docs/04_linked_list.py
2026-04-13 14:36:41   No other users active. You're clear.
2026-04-13 14:36:41 ────────────────────────────────────────────────
2026-04-13 14:36:42 
2026-04-13 14:36:42  🟢 SOLO   14:36:42
2026-04-13 14:36:42   Updated: /Users/deanwheatley/Documents/testrepo/docs/04_linked_list.py
2026-04-13 14:36:42   No other users active. You're clear.
2026-04-13 14:36:42 ────────────────────────────────────────────────
2026-04-13 14:44:46 
2026-04-13 14:44:46  🟢 SOLO   14:44:46
2026-04-13 14:44:46   Updated: /Users/deanwheatley/Documents/testrepo/docs/04_linked_list.py
2026-04-13 14:44:46   No other users active. You're clear.
2026-04-13 14:44:46 ────────────────────────────────────────────────
2026-04-13 14:44:57 
2026-04-13 14:44:57  🟢 SOLO   14:44:57
2026-04-13 14:44:57   Updated: /Users/deanwheatley/Documents/testrepo/docs/04_linked_list.py
2026-04-13 14:44:57   No other users active. You're clear.
2026-04-13 14:44:57 ────────────────────────────────────────────────
2026-04-13 14:44:58 
2026-04-13 14:44:58  🟢 SOLO   14:44:58
2026-04-13 14:44:58   Updated: /Users/deanwheatley/Documents/testrepo/docs/04_linked_list.py
2026-04-13 14:44:58   No other users active. You're clear.
2026-04-13 14:44:58 ────────────────────────────────────────────────
2026-04-13 14:45:05 
2026-04-13 14:45:05  🟢 SOLO   14:45:05
2026-04-13 14:45:05   Updated: /Users/deanwheatley/Documents/testrepo/docs/08_todo.ts
2026-04-13 14:45:05   No other users active. You're clear.
2026-04-13 14:45:05 ────────────────────────────────────────────────
2026-04-13 14:45:06 
2026-04-13 14:45:06  🟢 SOLO   14:45:06
2026-04-13 14:45:06   Updated: /Users/deanwheatley/Documents/testrepo/docs/08_todo.ts
2026-04-13 14:45:06   No other users active. You're clear.
2026-04-13 14:45:06 ────────────────────────────────────────────────
2026-04-13 14:57:51 
2026-04-13 14:57:51  🟢 SOLO   14:57:51
2026-04-13 14:57:51   Updated: /Users/deanwheatley/Documents/testrepo/docs/08_todo.ts,/Users/deanwheatley/Documents/testrepo/docs/06_fetch_api.ts
2026-04-13 14:57:51   No other users active. You're clear.
2026-04-13 14:57:51 ────────────────────────────────────────────────
